\BOOKMARK [0][-]{chapter*.1}{\376\377\144\130\000\040\211\201}{}% 1
\BOOKMARK [0][-]{chapter*.2}{\376\377\000A\000b\000s\000t\000r\000a\000c\000t}{}% 2
\BOOKMARK [0][-]{section*.3}{\376\377\166\356\000\040\137\125}{}% 3
\BOOKMARK [0][-]{section*.5}{\376\377\126\376\137\142\122\027\210\150}{}% 4
\BOOKMARK [0][-]{section*.7}{\376\377\210\150\150\074\122\027\210\150}{}% 5
\BOOKMARK [0][-]{chapter*.9}{\376\377\173\046\123\367\122\027\210\150}{}% 6
\BOOKMARK [0][-]{chapter.1}{\376\377\173\054\116\000\172\340\000\040\000\040\137\025\212\000}{}% 7
\BOOKMARK [1][-]{section.1.1}{\376\377\0001\000.\0001\000\040\174\373\176\337\211\201\154\102}{chapter.1}% 8
\BOOKMARK [1][-]{section.1.2}{\376\377\0001\000.\0002\000\040\225\356\230\230\123\315\231\210}{chapter.1}% 9
\BOOKMARK [0][-]{chapter.2}{\376\377\173\054\116\214\172\340\000\040\000\040\117\177\165\050\173\200\116\313}{}% 10
\BOOKMARK [1][-]{section.2.1}{\376\377\0002\000.\0001\000\040\121\110\213\325\213\325\145\110\147\234}{chapter.2}% 11
\BOOKMARK [1][-]{section.2.2}{\376\377\0002\000.\0002\000\040\124\004\145\207\150\143\123\312\166\356\137\125\173\200\116\313}{chapter.2}% 12
\BOOKMARK [2][-]{subsection.2.2.1}{\376\377\0002\000.\0002\000.\0001\000\040\000T\000h\000e\000s\000i\000s\000.\000t\000e\000x\145\207\150\143}{section.2.2}% 13
\BOOKMARK [2][-]{subsection.2.2.2}{\376\377\0002\000.\0002\000.\0002\000\040\000C\000o\000m\000p\000i\000l\000e\000\040\201\032\147\054}{section.2.2}% 14
\BOOKMARK [2][-]{subsection.2.2.3}{\376\377\0002\000.\0002\000.\0003\000\040\000T\000m\000p\145\207\116\366\131\071}{section.2.2}% 15
\BOOKMARK [2][-]{subsection.2.2.4}{\376\377\0002\000.\0002\000.\0004\000\040\000S\000t\000y\000l\000e\145\207\116\366\131\071}{section.2.2}% 16
\BOOKMARK [2][-]{subsection.2.2.5}{\376\377\0002\000.\0002\000.\0005\000\040\000T\000e\000x\145\207\116\366\131\071}{section.2.2}% 17
\BOOKMARK [2][-]{subsection.2.2.6}{\376\377\0002\000.\0002\000.\0006\000\040\000I\000m\000g\145\207\116\366\131\071}{section.2.2}% 18
\BOOKMARK [2][-]{subsection.2.2.7}{\376\377\0002\000.\0002\000.\0007\000\040\000B\000i\000b\000l\000i\000o\145\207\116\366\131\071}{section.2.2}% 19
\BOOKMARK [1][-]{section.2.3}{\376\377\0002\000.\0003\000\040\145\160\133\146\121\154\137\017\060\001\126\376\162\107\143\322\121\145\060\001\123\302\200\003\145\207\163\056\173\111\122\237\200\375}{chapter.2}% 20
\BOOKMARK [2][-]{subsection.2.3.1}{\376\377\0002\000.\0003\000.\0001\000\040\145\160\133\146\121\154\137\017}{section.2.3}% 21
\BOOKMARK [2][-]{subsection.2.3.2}{\376\377\0002\000.\0003\000.\0002\000\040\126\376\162\107\143\322\121\145}{section.2.3}% 22
\BOOKMARK [2][-]{subsection.2.3.3}{\376\377\0002\000.\0003\000.\0003\000\040\123\302\200\003\145\207\163\056\137\025\165\050}{section.2.3}% 23
\BOOKMARK [1][-]{section.2.4}{\376\377\0002\000.\0004\000\040\136\070\211\301\117\177\165\050\225\356\230\230}{chapter.2}% 24
\BOOKMARK [0][-]{appendix.A}{\376\377\226\104\137\125\000\040\000A\000\040\000\040\116\055\126\375\171\321\133\146\226\142\131\047\133\146\133\146\117\115\213\272\145\207\144\260\121\231\211\201\154\102}{}% 25
\BOOKMARK [1][-]{section.A.1}{\376\377\000A\000.\0001\000\040\133\146\117\115\213\272\145\207\166\204\116\000\202\054\211\201\154\102}{appendix.A}% 26
\BOOKMARK [1][-]{section.A.2}{\376\377\000A\000.\0002\000\040\133\146\117\115\213\272\145\207\166\204\154\064\136\163\211\201\154\102}{appendix.A}% 27
\BOOKMARK [1][-]{section.A.3}{\376\377\000A\000.\0003\000\040\144\260\121\231\133\146\117\115\213\272\145\207\166\204\213\355\212\000\123\312\145\207\133\127}{appendix.A}% 28
\BOOKMARK [1][-]{section.A.4}{\376\377\000A\000.\0004\000\040\133\146\117\115\213\272\145\207\166\204\116\073\211\201\176\304\142\020\220\350\122\006}{appendix.A}% 29
\BOOKMARK [0][-]{section*.17}{\376\377\123\302\200\003\145\207\163\056}{}% 30
\BOOKMARK [0][-]{appendix*.19}{\376\377\117\134\200\005\173\200\123\206\123\312\145\073\213\373\133\146\117\115\147\037\225\364\123\321\210\150\166\204\133\146\147\057\213\272\145\207\116\016\171\321\170\024\142\020\147\234}{}% 31
\BOOKMARK [0][-]{appendix*.26}{\376\377\201\364\000\040\214\042}{}% 32
